app/build/intermediates/manifest_merge_blame_file/debug/processDebugMainManifest/manifest-merger-blame-debug-report.txt
1<?xml version="1.0" encoding="utf-8"?>
2<manifest xmlns:android="http://schemas.android.com/apk/res/android"
3    package="com.nastia.financialauditor"
4    android:versionCode="1"
5    android:versionName="1.0" >
6
7    <uses-sdk
8        android:minSdkVersion="23"
9        android:targetSdkVersion="35" />
10
11    <application
11-->src\main\AndroidManifest.xml:2:5-9:19
12        android:allowBackup="true"
12-->src\main\AndroidManifest.xml:2:18-44
13        android:debuggable="true"
14        android:extractNativeLibs="false"
15        android:label="Финансовый аудитор"
15-->src\main\AndroidManifest.xml:2:45-79
16        android:resizeableActivity="true"
16-->src\main\AndroidManifest.xml:2:118-151
17        android:theme="@style/AppTheme.Light"
17-->src\main\AndroidManifest.xml:2:80-117
18        android:usesCleartextTraffic="false" >
18-->src\main\AndroidManifest.xml:2:152-188
19        <activity
19-->src\main\AndroidManifest.xml:3:9-8:20
20            android:name="com.nastia.financialauditor.MainActivity"
20-->src\main\AndroidManifest.xml:3:19-47
21            android:exported="true" >
21-->src\main\AndroidManifest.xml:3:48-71
22            <intent-filter>
22-->src\main\AndroidManifest.xml:4:13-7:29
23                <action android:name="android.intent.action.MAIN" />
23-->src\main\AndroidManifest.xml:5:17-69
23-->src\main\AndroidManifest.xml:5:25-66
24
25                <category android:name="android.intent.category.LAUNCHER" />
25-->src\main\AndroidManifest.xml:6:17-77
25-->src\main\AndroidManifest.xml:6:27-74
26            </intent-filter>
27        </activity>
28    </application>
29
30</manifest>